<?xml version="1.0" encoding="UTF-8"?>
<!-- Generated by org.testng.reporters.JUnitReportReporter -->
<testsuite skipped="2" hostname="Joes-MacBook-Air.local" name="com.crm.qa.test.LoginPageTest" tests="3" failures="0" timestamp="2021-09-27T11:58:56 IST" time="13.392" errors="1">
  <testcase name="setup" time="13.392" classname="com.crm.qa.test.LoginPageTest">
    <error type="org.openqa.selenium.SessionNotCreatedException" message="session not created: This version of ChromeDriver only supports Chrome version 91
Current browser version is 94.0.4606.61 with binary path /Applications/Google Chrome.app/Contents/MacOS/Google Chrome
Build info: version: &#039;3.5.3&#039;, revision: &#039;a88d25fe6b&#039;, time: &#039;2017-08-29T12:42:44.417Z&#039;
System info: host: &#039;Joes-MacBook-Air.local&#039;, ip: &#039;fe80:0:0:0:cdb:8b67:6019:eb33%en0&#039;, os.name: &#039;Mac OS X&#039;, os.arch: &#039;x86_64&#039;, os.version: &#039;10.16&#039;, java.version: &#039;1.8.0_281&#039;
Driver info: driver.version: ChromeDriver
remote stacktrace: 0   chromedriver                        0x000000010369f029 chromedriver + 2740265
1   chromedriver                        0x0000000103d52cd3 chromedriver + 9768147
2   chromedriver                        0x000000010342ed58 chromedriver + 183640
3   chromedriver                        0x00000001034546d6 chromedriver + 337622
4   chromedriver                        0x00000001034503c3 chromedriver + 320451
5   chromedriver                        0x000000010344ca56 chromedriver + 305750
6   chromedriver                        0x0000000103484ed0 chromedriver + 536272
7   chromedriver                        0x000000010347fd63 chromedriver + 515427
8   chromedriver                        0x0000000103456901 chromedriver + 346369
9   chromedriver                        0x0000000103457b35 chromedriver + 351029
10  chromedriver                        0x0000000103666b4c chromedriver + 2509644
11  chromedriver                        0x0000000103679a81 chromedriver + 2587265
12  chromedriver                        0x000000010364c4f1 chromedriver + 2401521
13  chromedriver                        0x000000010367ae4f chromedriver + 2592335
14  chromedriver                        0x000000010365caec chromedriver + 2468588
15  chromedriver                        0x0000000103694358 chromedriver + 2696024
16  chromedriver                        0x00000001036944eb chromedriver + 2696427
17  chromedriver                        0x00000001036a3f38 chromedriver + 2760504
18  libsystem_pthread.dylib             0x00007fff205808fc _pthread_start + 224
19  libsystem_pthread.dylib             0x00007fff2057c443 thread_start + 15
">
      <![CDATA[org.openqa.selenium.SessionNotCreatedException: session not created: This version of ChromeDriver only supports Chrome version 91
Current browser version is 94.0.4606.61 with binary path /Applications/Google Chrome.app/Contents/MacOS/Google Chrome
Build info: version: '3.5.3', revision: 'a88d25fe6b', time: '2017-08-29T12:42:44.417Z'
System info: host: 'Joes-MacBook-Air.local', ip: 'fe80:0:0:0:cdb:8b67:6019:eb33%en0', os.name: 'Mac OS X', os.arch: 'x86_64', os.version: '10.16', java.version: '1.8.0_281'
Driver info: driver.version: ChromeDriver
remote stacktrace: 0   chromedriver                        0x000000010369f029 chromedriver + 2740265
1   chromedriver                        0x0000000103d52cd3 chromedriver + 9768147
2   chromedriver                        0x000000010342ed58 chromedriver + 183640
3   chromedriver                        0x00000001034546d6 chromedriver + 337622
4   chromedriver                        0x00000001034503c3 chromedriver + 320451
5   chromedriver                        0x000000010344ca56 chromedriver + 305750
6   chromedriver                        0x0000000103484ed0 chromedriver + 536272
7   chromedriver                        0x000000010347fd63 chromedriver + 515427
8   chromedriver                        0x0000000103456901 chromedriver + 346369
9   chromedriver                        0x0000000103457b35 chromedriver + 351029
10  chromedriver                        0x0000000103666b4c chromedriver + 2509644
11  chromedriver                        0x0000000103679a81 chromedriver + 2587265
12  chromedriver                        0x000000010364c4f1 chromedriver + 2401521
13  chromedriver                        0x000000010367ae4f chromedriver + 2592335
14  chromedriver                        0x000000010365caec chromedriver + 2468588
15  chromedriver                        0x0000000103694358 chromedriver + 2696024
16  chromedriver                        0x00000001036944eb chromedriver + 2696427
17  chromedriver                        0x00000001036a3f38 chromedriver + 2760504
18  libsystem_pthread.dylib             0x00007fff205808fc _pthread_start + 224
19  libsystem_pthread.dylib             0x00007fff2057c443 thread_start + 15

at sun.reflect.NativeConstructorAccessorImpl.newInstance0(Native Method)
at sun.reflect.NativeConstructorAccessorImpl.newInstance(NativeConstructorAccessorImpl.java:62)
at sun.reflect.DelegatingConstructorAccessorImpl.newInstance(DelegatingConstructorAccessorImpl.java:45)
at java.lang.reflect.Constructor.newInstance(Constructor.java:423)
at org.openqa.selenium.remote.W3CHandshakeResponse.lambda$new$0(W3CHandshakeResponse.java:57)
at org.openqa.selenium.remote.W3CHandshakeResponse.lambda$getResponseFunction$2(W3CHandshakeResponse.java:104)
at org.openqa.selenium.remote.ProtocolHandshake.lambda$createSession$24(ProtocolHandshake.java:359)
at java.util.stream.ReferencePipeline$3$1.accept(ReferencePipeline.java:193)
at java.util.Spliterators$ArraySpliterator.tryAdvance(Spliterators.java:958)
at java.util.stream.ReferencePipeline.forEachWithCancel(ReferencePipeline.java:126)
at java.util.stream.AbstractPipeline.copyIntoWithCancel(AbstractPipeline.java:499)
at java.util.stream.AbstractPipeline.copyInto(AbstractPipeline.java:486)
at java.util.stream.AbstractPipeline.wrapAndCopyInto(AbstractPipeline.java:472)
at java.util.stream.FindOps$FindOp.evaluateSequential(FindOps.java:152)
at java.util.stream.AbstractPipeline.evaluate(AbstractPipeline.java:234)
at java.util.stream.ReferencePipeline.findFirst(ReferencePipeline.java:464)
at org.openqa.selenium.remote.ProtocolHandshake.createSession(ProtocolHandshake.java:362)
at org.openqa.selenium.remote.ProtocolHandshake.createSession(ProtocolHandshake.java:136)
at org.openqa.selenium.remote.HttpCommandExecutor.execute(HttpCommandExecutor.java:142)
at org.openqa.selenium.remote.service.DriverCommandExecutor.execute(DriverCommandExecutor.java:82)
at org.openqa.selenium.remote.RemoteWebDriver.execute(RemoteWebDriver.java:646)
at org.openqa.selenium.remote.RemoteWebDriver.startSession(RemoteWebDriver.java:255)
at org.openqa.selenium.remote.RemoteWebDriver.startSession(RemoteWebDriver.java:237)
at org.openqa.selenium.remote.RemoteWebDriver.<init>(RemoteWebDriver.java:138)
at org.openqa.selenium.chrome.ChromeDriver.<init>(ChromeDriver.java:178)
at org.openqa.selenium.chrome.ChromeDriver.<init>(ChromeDriver.java:167)
at org.openqa.selenium.chrome.ChromeDriver.<init>(ChromeDriver.java:124)
at com.crm.qa.base.Base.Initialization(Base.java:37)
at com.crm.qa.test.LoginPageTest.setup(LoginPageTest.java:20)
at sun.reflect.NativeMethodAccessorImpl.invoke0(Native Method)
at sun.reflect.NativeMethodAccessorImpl.invoke(NativeMethodAccessorImpl.java:62)
at sun.reflect.DelegatingMethodAccessorImpl.invoke(DelegatingMethodAccessorImpl.java:43)
at java.lang.reflect.Method.invoke(Method.java:498)
at org.testng.internal.MethodInvocationHelper.invokeMethod(MethodInvocationHelper.java:134)
at org.testng.internal.MethodInvocationHelper.invokeMethodConsideringTimeout(MethodInvocationHelper.java:63)
at org.testng.internal.ConfigInvoker.invokeConfigurationMethod(ConfigInvoker.java:348)
at org.testng.internal.ConfigInvoker.invokeConfigurations(ConfigInvoker.java:302)
at org.testng.internal.TestInvoker.runConfigMethods(TestInvoker.java:695)
at org.testng.internal.TestInvoker.invokeMethod(TestInvoker.java:523)
at org.testng.internal.TestInvoker.invokeTestMethod(TestInvoker.java:173)
at org.testng.internal.MethodRunner.runInSequence(MethodRunner.java:46)
at org.testng.internal.TestInvoker$MethodInvocationAgent.invoke(TestInvoker.java:816)
at org.testng.internal.TestInvoker.invokeTestMethods(TestInvoker.java:146)
at org.testng.internal.TestMethodWorker.invokeTestMethods(TestMethodWorker.java:146)
at org.testng.internal.TestMethodWorker.run(TestMethodWorker.java:128)
at java.util.ArrayList.forEach(ArrayList.java:1259)
at org.testng.TestRunner.privateRun(TestRunner.java:766)
at org.testng.TestRunner.run(TestRunner.java:587)
at org.testng.SuiteRunner.runTest(SuiteRunner.java:384)
at org.testng.SuiteRunner.runSequentially(SuiteRunner.java:378)
at org.testng.SuiteRunner.privateRun(SuiteRunner.java:337)
at org.testng.SuiteRunner.run(SuiteRunner.java:286)
at org.testng.SuiteRunnerWorker.runSuite(SuiteRunnerWorker.java:53)
at org.testng.SuiteRunnerWorker.run(SuiteRunnerWorker.java:96)
at org.testng.TestNG.runSuitesSequentially(TestNG.java:1187)
at org.testng.TestNG.runSuitesLocally(TestNG.java:1109)
at org.testng.TestNG.runSuites(TestNG.java:1039)
at org.testng.TestNG.run(TestNG.java:1007)
at org.testng.remote.AbstractRemoteTestNG.run(AbstractRemoteTestNG.java:115)
at org.testng.remote.RemoteTestNG.initAndRun(RemoteTestNG.java:251)
at org.testng.remote.RemoteTestNG.main(RemoteTestNG.java:77)
]]>
    </error>
  </testcase> <!-- setup -->
  <system-out/>
  <testcase name="LoginPageTitleTest" time="0.000" classname="com.crm.qa.test.LoginPageTest">
    <skipped/>
  </testcase> <!-- LoginPageTitleTest -->
  <system-out/>
  <testcase name="LoginTest" time="0.000" classname="com.crm.qa.test.LoginPageTest">
    <skipped/>
  </testcase> <!-- LoginTest -->
  <system-out/>
</testsuite> <!-- com.crm.qa.test.LoginPageTest -->
